<?xml version="1.0" encoding="UTF-8" ?>
<testsuite failures="0" time="0.012" errors="0" skipped="0" tests="4" name="com.ibatis.jpetstore.service.OrderServiceTest">
  <properties>
    <property name="java.runtime.name" value="OpenJDK Runtime Environment"/>
    <property name="sun.boot.library.path" value="/usr/lib/jvm/java-1.7.0-openjdk-1.7.0.79.x86_64/jre/lib/amd64"/>
    <property name="java.vm.version" value="24.79-b02"/>
    <property name="java.vm.vendor" value="Oracle Corporation"/>
    <property name="java.vendor.url" value="http://java.oracle.com/"/>
    <property name="path.separator" value=":"/>
    <property name="java.vm.name" value="OpenJDK 64-Bit Server VM"/>
    <property name="file.encoding.pkg" value="sun.io"/>
    <property name="user.country" value="US"/>
    <property name="sun.java.launcher" value="SUN_STANDARD"/>
    <property name="sun.os.patch.level" value="unknown"/>
    <property name="java.vm.specification.name" value="Java Virtual Machine Specification"/>
    <property name="user.dir" value="/var/lib/jenkins/workspace/jtomvn/jpetstore-maven-webapp"/>
    <property name="java.runtime.version" value="1.7.0_79-mockbuild_2015_05_05_20_30-b00"/>
    <property name="java.awt.graphicsenv" value="sun.awt.X11GraphicsEnvironment"/>
    <property name="basedir" value="/var/lib/jenkins/workspace/jtomvn/jpetstore-maven-webapp"/>
    <property name="java.endorsed.dirs" value="/usr/lib/jvm/java-1.7.0-openjdk-1.7.0.79.x86_64/jre/lib/endorsed"/>
    <property name="os.arch" value="amd64"/>
    <property name="surefire.real.class.path" value="/tmp/surefirebooter1214982143363102904.jar"/>
    <property name="java.io.tmpdir" value="/tmp"/>
    <property name="line.separator" value="
"/>
    <property name="java.vm.specification.vendor" value="Oracle Corporation"/>
    <property name="os.name" value="Linux"/>
    <property name="sun.jnu.encoding" value="UTF-8"/>
    <property name="java.library.path" value="/usr/java/packages/lib/amd64:/usr/lib64:/lib64:/lib:/usr/lib"/>
    <property name="surefire.test.class.path" value="/var/lib/jenkins/workspace/jtomvn/jpetstore-maven-webapp/target/test-classes:/var/lib/jenkins/workspace/jtomvn/jpetstore-maven-webapp/target/classes:/home/jenkins/.m2/repository/hsqldb/hsqldb/1.8.0.1/hsqldb-1.8.0.1.jar:/home/jenkins/.m2/repository/junit/junit/4.4/junit-4.4.jar:/home/jenkins/.m2/repository/jmock/jmock/1.0.1/jmock-1.0.1.jar:/home/jenkins/.m2/repository/jmock/jmock-cglib/1.0.1/jmock-cglib-1.0.1.jar:/home/jenkins/.m2/repository/cglib/cglib-full/2.0/cglib-full-2.0.jar:/home/jenkins/.m2/repository/cglib/cglib-nodep/2.1_3/cglib-nodep-2.1_3.jar:/home/jenkins/.m2/repository/javax/servlet/servlet-api/2.3/servlet-api-2.3.jar:/home/jenkins/.m2/repository/com/ibatis/ibatis-common/2.1.6/ibatis-common-2.1.6.jar:/home/jenkins/.m2/repository/com/ibatis/ibatis-dao/2.1.6/ibatis-dao-2.1.6.jar:/home/jenkins/.m2/repository/com/ibatis/ibatis-sqlmap/2.1.6/ibatis-sqlmap-2.1.6.jar:/home/jenkins/.m2/repository/com/ibatis/ibatis-struts-beanaction/2.1.6/ibatis-struts-beanaction-2.1.6.jar:/home/jenkins/.m2/repository/struts/struts/1.2.7/struts-1.2.7.jar:/home/jenkins/.m2/repository/commons-beanutils/commons-beanutils/1.7.0/commons-beanutils-1.7.0.jar:/home/jenkins/.m2/repository/commons-chain/commons-chain/1.0/commons-chain-1.0.jar:/home/jenkins/.m2/repository/commons-digester/commons-digester/1.6/commons-digester-1.6.jar:/home/jenkins/.m2/repository/commons-collections/commons-collections/2.1/commons-collections-2.1.jar:/home/jenkins/.m2/repository/xml-apis/xml-apis/1.0.b2/xml-apis-1.0.b2.jar:/home/jenkins/.m2/repository/commons-fileupload/commons-fileupload/1.0/commons-fileupload-1.0.jar:/home/jenkins/.m2/repository/commons-logging/commons-logging/1.0.4/commons-logging-1.0.4.jar:/home/jenkins/.m2/repository/commons-validator/commons-validator/1.1.4/commons-validator-1.1.4.jar:/home/jenkins/.m2/repository/oro/oro/2.0.8/oro-2.0.8.jar:/home/jenkins/.m2/repository/antlr/antlr/2.7.2/antlr-2.7.2.jar:"/>
    <property name="java.specification.name" value="Java Platform API Specification"/>
    <property name="java.class.version" value="51.0"/>
    <property name="sun.management.compiler" value="HotSpot 64-Bit Tiered Compilers"/>
    <property name="os.version" value="2.6.32-220.el6.x86_64"/>
    <property name="user.home" value="/home/jenkins"/>
    <property name="user.timezone" value="Asia/Kolkata"/>
    <property name="java.awt.printerjob" value="sun.print.PSPrinterJob"/>
    <property name="file.encoding" value="UTF-8"/>
    <property name="java.specification.version" value="1.7"/>
    <property name="user.name" value="jenkins"/>
    <property name="java.class.path" value="/var/lib/jenkins/workspace/jtomvn/jpetstore-maven-webapp/target/test-classes:/var/lib/jenkins/workspace/jtomvn/jpetstore-maven-webapp/target/classes:/home/jenkins/.m2/repository/hsqldb/hsqldb/1.8.0.1/hsqldb-1.8.0.1.jar:/home/jenkins/.m2/repository/junit/junit/4.4/junit-4.4.jar:/home/jenkins/.m2/repository/jmock/jmock/1.0.1/jmock-1.0.1.jar:/home/jenkins/.m2/repository/jmock/jmock-cglib/1.0.1/jmock-cglib-1.0.1.jar:/home/jenkins/.m2/repository/cglib/cglib-full/2.0/cglib-full-2.0.jar:/home/jenkins/.m2/repository/cglib/cglib-nodep/2.1_3/cglib-nodep-2.1_3.jar:/home/jenkins/.m2/repository/javax/servlet/servlet-api/2.3/servlet-api-2.3.jar:/home/jenkins/.m2/repository/com/ibatis/ibatis-common/2.1.6/ibatis-common-2.1.6.jar:/home/jenkins/.m2/repository/com/ibatis/ibatis-dao/2.1.6/ibatis-dao-2.1.6.jar:/home/jenkins/.m2/repository/com/ibatis/ibatis-sqlmap/2.1.6/ibatis-sqlmap-2.1.6.jar:/home/jenkins/.m2/repository/com/ibatis/ibatis-struts-beanaction/2.1.6/ibatis-struts-beanaction-2.1.6.jar:/home/jenkins/.m2/repository/struts/struts/1.2.7/struts-1.2.7.jar:/home/jenkins/.m2/repository/commons-beanutils/commons-beanutils/1.7.0/commons-beanutils-1.7.0.jar:/home/jenkins/.m2/repository/commons-chain/commons-chain/1.0/commons-chain-1.0.jar:/home/jenkins/.m2/repository/commons-digester/commons-digester/1.6/commons-digester-1.6.jar:/home/jenkins/.m2/repository/commons-collections/commons-collections/2.1/commons-collections-2.1.jar:/home/jenkins/.m2/repository/xml-apis/xml-apis/1.0.b2/xml-apis-1.0.b2.jar:/home/jenkins/.m2/repository/commons-fileupload/commons-fileupload/1.0/commons-fileupload-1.0.jar:/home/jenkins/.m2/repository/commons-logging/commons-logging/1.0.4/commons-logging-1.0.4.jar:/home/jenkins/.m2/repository/commons-validator/commons-validator/1.1.4/commons-validator-1.1.4.jar:/home/jenkins/.m2/repository/oro/oro/2.0.8/oro-2.0.8.jar:/home/jenkins/.m2/repository/antlr/antlr/2.7.2/antlr-2.7.2.jar:"/>
    <property name="java.vm.specification.version" value="1.7"/>
    <property name="sun.arch.data.model" value="64"/>
    <property name="java.home" value="/usr/lib/jvm/java-1.7.0-openjdk-1.7.0.79.x86_64/jre"/>
    <property name="sun.java.command" value="/tmp/surefirebooter1214982143363102904.jar /tmp/surefire2639405671162103709tmp /tmp/surefire6185843683814252417tmp"/>
    <property name="java.specification.vendor" value="Oracle Corporation"/>
    <property name="user.language" value="en"/>
    <property name="awt.toolkit" value="sun.awt.X11.XToolkit"/>
    <property name="java.vm.info" value="mixed mode"/>
    <property name="java.version" value="1.7.0_79"/>
    <property name="java.ext.dirs" value="/usr/lib/jvm/java-1.7.0-openjdk-1.7.0.79.x86_64/jre/lib/ext:/usr/java/packages/lib/ext"/>
    <property name="sun.boot.class.path" value="/usr/lib/jvm/java-1.7.0-openjdk-1.7.0.79.x86_64/jre/lib/resources.jar:/usr/lib/jvm/java-1.7.0-openjdk-1.7.0.79.x86_64/jre/lib/rt.jar:/usr/lib/jvm/java-1.7.0-openjdk-1.7.0.79.x86_64/jre/lib/sunrsasign.jar:/usr/lib/jvm/java-1.7.0-openjdk-1.7.0.79.x86_64/jre/lib/jsse.jar:/usr/lib/jvm/java-1.7.0-openjdk-1.7.0.79.x86_64/jre/lib/jce.jar:/usr/lib/jvm/java-1.7.0-openjdk-1.7.0.79.x86_64/jre/lib/charsets.jar:/usr/lib/jvm/java-1.7.0-openjdk-1.7.0.79.x86_64/jre/lib/rhino.jar:/usr/lib/jvm/java-1.7.0-openjdk-1.7.0.79.x86_64/jre/lib/jfr.jar:/usr/lib/jvm/java-1.7.0-openjdk-1.7.0.79.x86_64/jre/classes"/>
    <property name="java.vendor" value="Oracle Corporation"/>
    <property name="localRepository" value="/home/jenkins/.m2/repository"/>
    <property name="file.separator" value="/"/>
    <property name="java.vendor.url.bug" value="http://bugreport.sun.com/bugreport/"/>
    <property name="sun.cpu.endian" value="little"/>
    <property name="sun.io.unicode.encoding" value="UnicodeLittle"/>
    <property name="sun.cpu.isalist" value=""/>
  </properties>
  <testcase time="0.007" classname="com.ibatis.jpetstore.service.OrderServiceTest" name="testShouldCallGetOrderOnOrderDao"/>
  <testcase time="0.001" classname="com.ibatis.jpetstore.service.OrderServiceTest" name="testShouldCallGetOrdersByUsernameOnOrderDao"/>
  <testcase time="0.002" classname="com.ibatis.jpetstore.service.OrderServiceTest" name="testShouldCallInsertOrderOnOrderDao"/>
  <testcase time="0" classname="com.ibatis.jpetstore.service.OrderServiceTest" name="testShouldCallGetNextIdOnSequenceDao"/>
</testsuite>